<?xml version="1.0" encoding="UTF-8"?>
<testng-results ignored="0" total="1" passed="1" failed="0" skipped="0">
  <reporter-output>
  </reporter-output>
  <suite started-at="2023-04-24T13:10:26 IST" name="Default suite" finished-at="2023-04-24T13:10:59 IST" duration-ms="33646">
    <groups>
    </groups>
    <test started-at="2023-04-24T13:10:26 IST" name="Default test" finished-at="2023-04-24T13:10:59 IST" duration-ms="33646">
      <class name="com.Utilities.Baseclass">
        <test-method signature="browserLaunch()[pri:0, instance:com.Utilities.Baseclass@6babf3bf]" started-at="2023-04-24T13:10:26 IST" name="browserLaunch" finished-at="2023-04-24T13:10:59 IST" duration-ms="33457" status="PASS">
          <reporter-output>
          </reporter-output>
        </test-method> <!-- browserLaunch -->
      </class> <!-- com.Utilities.Baseclass -->
    </test> <!-- Default test -->
  </suite> <!-- Default suite -->
</testng-results>
